  pch.cpp
  ConsoleMenu.cpp
c:\users\dell\source\repos\applicationutility\matches\matchesalgo.h(4): warning C4584: 'MatchesAlgo': base-class 'IAlgorythm' is already a base-class of 'IGenericAlgo<int>'
  c:\users\dell\source\repos\applicationutility\applicationutility\ialgorythm.h(4): note: see declaration of 'IAlgorythm'
  c:\users\dell\source\repos\applicationutility\matches\matchesalgo.h(3): note: see declaration of 'IGenericAlgo<int>'
c:\users\dell\source\repos\applicationutility\matches\matchesdata.h(5): warning C4584: 'MatchesData': base-class 'IData' is already a base-class of 'IGenericData<int>'
  c:\users\dell\source\repos\applicationutility\applicationutility\idata.h(3): note: see declaration of 'IData'
  c:\users\dell\source\repos\applicationutility\matches\matchesdata.h(4): note: see declaration of 'IGenericData<int>'
  Matches.cpp
  MatchesAlgo.cpp
c:\users\dell\source\repos\applicationutility\matches\matchesalgo.h(4): warning C4584: 'MatchesAlgo': base-class 'IAlgorythm' is already a base-class of 'IGenericAlgo<int>'
  c:\users\dell\source\repos\applicationutility\applicationutility\ialgorythm.h(4): note: see declaration of 'IAlgorythm'
  c:\users\dell\source\repos\applicationutility\matches\matchesalgo.h(3): note: see declaration of 'IGenericAlgo<int>'
  MatchesApplication.cpp
  MatchesData.cpp
c:\users\dell\source\repos\applicationutility\matches\matchesdata.h(5): warning C4584: 'MatchesData': base-class 'IData' is already a base-class of 'IGenericData<int>'
  c:\users\dell\source\repos\applicationutility\applicationutility\idata.h(3): note: see declaration of 'IData'
  c:\users\dell\source\repos\applicationutility\matches\matchesdata.h(4): note: see declaration of 'IGenericData<int>'
c:\users\dell\source\repos\applicationutility\matches\matchesdata.cpp(35): warning C4540: dynamic_cast used to convert to inaccessible or ambiguous base; run-time test will fail ('MatchesData *' to 'IData *')
  MatchesInitializer.cpp
c:\users\dell\source\repos\applicationutility\applicationutility\converter.h(15): warning C4540: dynamic_cast used to convert to inaccessible or ambiguous base; run-time test will fail ('A *' to 'T *')
          with
          [
              A=MatchesMenuInitializer
          ]
          and
          [
              T=IMenuInitializer
          ]
  c:\users\dell\source\repos\applicationutility\applicationutility\converter.h(13): note: while compiling class template member function 'T *Converter<T,MatchesMenuInitializer>::Convert(A *)'
          with
          [
              T=IMenuInitializer,
              A=MatchesMenuInitializer
          ]
  c:\users\dell\source\repos\applicationutility\matches\matchesinitializer.cpp(21): note: see reference to function template instantiation 'T *Converter<T,MatchesMenuInitializer>::Convert(A *)' being compiled
          with
          [
              T=IMenuInitializer,
              A=MatchesMenuInitializer
          ]
  c:\users\dell\source\repos\applicationutility\matches\matchesinitializer.cpp(21): note: see reference to class template instantiation 'Converter<IMenuInitializer,MatchesMenuInitializer>' being compiled
  MatchesMenuInitializer.cpp
  StarterMenuInitializer.cpp
  Generating Code...
c:\users\dell\source\repos\applicationutility\applicationutility\converter.h(17): warning C4715: 'Converter<IStarter,StarterMenuInitializer>::Convert': not all control paths return a value
c:\users\dell\source\repos\applicationutility\applicationutility\converter.h(17): warning C4715: 'Converter<IMenuInitializer,MatchesMenuInitializer>::Convert': not all control paths return a value
c:\users\dell\source\repos\applicationutility\applicationutility\converter.h(17): warning C4715: 'Converter<IInitializer,MatchesInitializer>::Convert': not all control paths return a value
  Matches.vcxproj -> C:\Users\Dell\source\repos\ApplicationUtility\x64\Debug\Matches.exe
